生成启动时间为 2016/3/2 15:38:26。
     1>项目“E:\课件\数字图像处理\107004043_7_Homework-6 (1)\Homework-6\NightVision\NightVision\NightVision.vcxproj”在节点 2 上(Rebuild 个目标)。
     1>ClCompile:
         D:\Program Files (x86)\Microsoft Visual Studio 14.0\VC\bin\CL.exe /c /ZI /nologo /W3 /WX- /Od /Oy- /D _MBCS /Gm /EHsc /RTC1 /MDd /GS /fp:precise /Zc:wchar_t /Zc:forScope /Zc:inline /Fo"Debug\\" /Fd"Debug\vc140.pdb" /Gd /TP /analyze- /errorReport:prompt BackUp.cpp EdgeDetect.cpp FFT.cpp Filtering.cpp Global.cpp hist.cpp HomomorphicFiltering.cpp main.cpp noise.cpp segmentation.cpp
         segmentation.cpp
     1>e:\课件\数字图像处理\107004043_7_homework-6 (1)\homework-6\nightvision\nightvision\segmentation.cpp(137): warning C4244: “=”: 从“double”转换到“int”，可能丢失数据
     1>e:\课件\数字图像处理\107004043_7_homework-6 (1)\homework-6\nightvision\nightvision\segmentation.cpp(138): warning C4244: “=”: 从“double”转换到“int”，可能丢失数据
     1>e:\课件\数字图像处理\107004043_7_homework-6 (1)\homework-6\nightvision\nightvision\segmentation.cpp(139): warning C4244: “=”: 从“double”转换到“int”，可能丢失数据
         noise.cpp
     1>d:\opencv\build\include\opencv2\flann\logger.h(66): warning C4996: 'fopen': This function or variable may be unsafe. Consider using fopen_s instead. To disable deprecation, use _CRT_SECURE_NO_WARNINGS. See online help for details.
         c:\program files (x86)\windows kits\10\include\10.0.10150.0\ucrt\stdio.h(205): note: 参见“fopen”的声明
     1>e:\课件\数字图像处理\107004043_7_homework-6 (1)\homework-6\nightvision\nightvision\noise.cpp(7): warning C4244: “初始化”: 从“double”转换到“int”，可能丢失数据
     1>e:\课件\数字图像处理\107004043_7_homework-6 (1)\homework-6\nightvision\nightvision\noise.cpp(27): warning C4244: “+=”: 从“double”转换到“unsigned char”，可能丢失数据
     1>e:\课件\数字图像处理\107004043_7_homework-6 (1)\homework-6\nightvision\nightvision\noise.cpp(53): warning C4244: “初始化”: 从“double”转换到“int”，可能丢失数据
     1>e:\课件\数字图像处理\107004043_7_homework-6 (1)\homework-6\nightvision\nightvision\noise.cpp(73): warning C4244: “+=”: 从“double”转换到“unsigned char”，可能丢失数据
     1>e:\课件\数字图像处理\107004043_7_homework-6 (1)\homework-6\nightvision\nightvision\noise.cpp(117): warning C4244: “初始化”: 从“double”转换到“int”，可能丢失数据
         main.cpp
         HomomorphicFiltering.cpp
     1>d:\opencv\build\include\opencv2\flann\logger.h(66): warning C4996: 'fopen': This function or variable may be unsafe. Consider using fopen_s instead. To disable deprecation, use _CRT_SECURE_NO_WARNINGS. See online help for details.
         c:\program files (x86)\windows kits\10\include\10.0.10150.0\ucrt\stdio.h(205): note: 参见“fopen”的声明
         hist.cpp
     1>e:\课件\数字图像处理\107004043_7_homework-6 (1)\homework-6\nightvision\nightvision\hist.cpp(38): warning C4244: “=”: 从“double”转换到“int”，可能丢失数据
     1>e:\课件\数字图像处理\107004043_7_homework-6 (1)\homework-6\nightvision\nightvision\hist.cpp(39): warning C4244: “=”: 从“double”转换到“int”，可能丢失数据
     1>e:\课件\数字图像处理\107004043_7_homework-6 (1)\homework-6\nightvision\nightvision\hist.cpp(40): warning C4244: “=”: 从“double”转换到“int”，可能丢失数据
     1>e:\课件\数字图像处理\107004043_7_homework-6 (1)\homework-6\nightvision\nightvision\hist.cpp(139): warning C4244: “=”: 从“double”转换到“int”，可能丢失数据
     1>e:\课件\数字图像处理\107004043_7_homework-6 (1)\homework-6\nightvision\nightvision\hist.cpp(140): warning C4244: “=”: 从“double”转换到“int”，可能丢失数据
     1>e:\课件\数字图像处理\107004043_7_homework-6 (1)\homework-6\nightvision\nightvision\hist.cpp(141): warning C4244: “=”: 从“double”转换到“int”，可能丢失数据
     1>e:\课件\数字图像处理\107004043_7_homework-6 (1)\homework-6\nightvision\nightvision\hist.cpp(191): warning C4996: 'itoa': The POSIX name for this item is deprecated. Instead, use the ISO C and C++ conformant name: _itoa. See online help for details.
         c:\program files (x86)\windows kits\10\include\10.0.10150.0\ucrt\stdlib.h(1316): note: 参见“itoa”的声明
     1>e:\课件\数字图像处理\107004043_7_homework-6 (1)\homework-6\nightvision\nightvision\hist.cpp(204): warning C4996: 'itoa': The POSIX name for this item is deprecated. Instead, use the ISO C and C++ conformant name: _itoa. See online help for details.
         c:\program files (x86)\windows kits\10\include\10.0.10150.0\ucrt\stdlib.h(1316): note: 参见“itoa”的声明
         Global.cpp
         Filtering.cpp
         FFT.cpp
         EdgeDetect.cpp
     1>e:\课件\数字图像处理\107004043_7_homework-6 (1)\homework-6\nightvision\nightvision\edgedetect.cpp(17): warning C4244: “=”: 从“double”转换到“unsigned char”，可能丢失数据
     1>e:\课件\数字图像处理\107004043_7_homework-6 (1)\homework-6\nightvision\nightvision\edgedetect.cpp(74): warning C4244: “=”: 从“double”转换到“unsigned char”，可能丢失数据
     1>e:\课件\数字图像处理\107004043_7_homework-6 (1)\homework-6\nightvision\nightvision\edgedetect.cpp(91): warning C4244: “=”: 从“double”转换到“unsigned char”，可能丢失数据
     1>e:\课件\数字图像处理\107004043_7_homework-6 (1)\homework-6\nightvision\nightvision\edgedetect.cpp(244): warning C4244: “=”: 从“double”转换到“unsigned char”，可能丢失数据
     1>e:\课件\数字图像处理\107004043_7_homework-6 (1)\homework-6\nightvision\nightvision\edgedetect.cpp(291): warning C4244: “=”: 从“double”转换到“unsigned char”，可能丢失数据
     1>e:\课件\数字图像处理\107004043_7_homework-6 (1)\homework-6\nightvision\nightvision\edgedetect.cpp(249): warning C4101: “flagyuzhi”: 未引用的局部变量
     1>e:\课件\数字图像处理\107004043_7_homework-6 (1)\homework-6\nightvision\nightvision\edgedetect.cpp(591): warning C4244: “=”: 从“double”转换到“int”，可能丢失数据
         BackUp.cpp
         正在生成代码...
       Link:
         D:\Program Files (x86)\Microsoft Visual Studio 14.0\VC\bin\link.exe /ERRORREPORT:PROMPT /OUT:"E:\课件\数字图像处理\107004043_7_Homework-6 (1)\Homework-6\NightVision\Debug\NightVision.exe" /NOLOGO opencv_ml249d.lib opencv_calib3d249d.lib opencv_contrib249d.lib opencv_core249d.lib opencv_features2d249d.lib opencv_flann249d.lib opencv_gpu249d.lib opencv_highgui249d.lib opencv_imgproc249d.lib opencv_legacy249d.lib opencv_objdetect249d.lib opencv_ts249d.lib opencv_video249d.lib opencv_nonfree249d.lib opencv_ocl249d.lib opencv_photo249d.lib opencv_stitching249d.lib opencv_superres249d.lib opencv_videostab249d.lib opencv_objdetect249.lib opencv_ts249.lib opencv_video249.lib opencv_nonfree249.lib opencv_ocl249.lib opencv_photo249.lib opencv_stitching249.lib opencv_superres249.lib opencv_videostab249.lib opencv_calib3d249.lib opencv_contrib249.lib opencv_core249.lib opencv_features2d249.lib opencv_flann249.lib opencv_gpu249.lib opencv_highgui249.lib opencv_imgproc249.lib opencv_legacy249.lib opencv_ml249.lib /MANIFEST /MANIFESTUAC:"level='asInvoker' uiAccess='false'" /manifest:embed /Debug /PDB:"E:\课件\数字图像处理\107004043_7_Homework-6 (1)\Homework-6\NightVision\Debug\NightVision.pdb" /TLBID:1 /DYNAMICBASE /NXCOMPAT /IMPLIB:"E:\课件\数字图像处理\107004043_7_Homework-6 (1)\Homework-6\NightVision\Debug\NightVision.lib" /MACHINE:X86 /SAFESEH Debug\BackUp.obj
         Debug\EdgeDetect.obj
         Debug\FFT.obj
         Debug\Filtering.obj
         Debug\Global.obj
         Debug\hist.obj
         Debug\HomomorphicFiltering.obj
         Debug\main.obj
         Debug\noise.obj
         Debug\segmentation.obj
     1>BackUp.obj : warning LNK4075: 忽略“/EDITANDCONTINUE”(由于“/SAFESEH”规范)
         NightVision.vcxproj -> E:\课件\数字图像处理\107004043_7_Homework-6 (1)\Homework-6\NightVision\Debug\NightVision.exe
     1>已完成生成项目“E:\课件\数字图像处理\107004043_7_Homework-6 (1)\Homework-6\NightVision\NightVision\NightVision.vcxproj”(Rebuild 个目标)的操作。

已成功生成。

已用时间 00:00:08.85
